<?xml version="1.0" encoding="UTF-8"?>
<!-- Generated by org.testng.reporters.JUnitReportReporter -->
<testsuite hostname="DESKTOP-9P43CVK" failures="0" tests="3" name="Project.Amdocs.TestAmdocs3" time="8.040" errors="0" timestamp="2021-05-20T10:13:03 CDT" skipped="0">
  <testcase classname="Project.Amdocs.TestAmdocs3" name="testCase6" time="1.485"/>
  <system-out/>
  <testcase classname="Project.Amdocs.TestAmdocs3" name="testCase4" time="4.317"/>
  <system-out/>
  <testcase classname="Project.Amdocs.TestAmdocs3" name="testCase5" time="2.238"/>
  <system-out/>
</testsuite> <!-- Project.Amdocs.TestAmdocs3 -->
