<?xml version="1.0" encoding="UTF-8"?>
<!-- Generated by org.testng.reporters.JUnitReportReporter -->
<testsuite hostname="DESKTOP-9P43CVK" failures="0" tests="1" name="Project.Amdocs.TestAmdocs2" time="3.747" errors="0" timestamp="2021-05-20T10:13:03 CDT" skipped="0">
  <testcase classname="Project.Amdocs.TestAmdocs2" name="testCase3" time="3.747"/>
  <system-out/>
</testsuite> <!-- Project.Amdocs.TestAmdocs2 -->
