<?xml version="1.0" encoding="UTF-8"?>
<!-- Generated by org.testng.reporters.JUnitReportReporter -->
<testsuite hostname="DESKTOP-9P43CVK" failures="0" tests="2" name="Project.Amdocs.TestAmdocs1" time="0.956" errors="0" timestamp="2021-05-20T10:13:03 CDT" skipped="0">
  <testcase classname="Project.Amdocs.TestAmdocs1" name="testCase1" time="0.851"/>
  <system-out/>
  <testcase classname="Project.Amdocs.TestAmdocs1" name="testCase2" time="0.105"/>
  <system-out/>
</testsuite> <!-- Project.Amdocs.TestAmdocs1 -->
