<?xml version="1.0" encoding="UTF-8"?>
<!-- Generated by org.testng.reporters.JUnitReportReporter -->
<testsuite hostname="DESKTOP-9P43CVK" failures="0" tests="1" name="Project.Amdocs.TestAmdocs4SQLConnection" time="0.024" errors="0" timestamp="2021-05-20T00:19:05 CDT" skipped="0">
  <testcase classname="Project.Amdocs.TestAmdocs4SQLConnection" name="testCase7" time="0.024"/>
  <system-out/>
</testsuite> <!-- Project.Amdocs.TestAmdocs4SQLConnection -->
