<?xml version="1.0" encoding="UTF-8"?>
<!-- Generated by org.testng.reporters.JUnitReportReporter -->
<testsuite hostname="DESKTOP-9P43CVK" failures="0" tests="1" name="Project.Amdocs.AmdocsTest1" time="0.044" errors="0" timestamp="17 May 2021 18:06:28 GMT">
  <testcase classname="Project.Amdocs.AmdocsTest1" name="testCase1" time="0.044"/>
</testsuite> <!-- Project.Amdocs.AmdocsTest1 -->
