<?xml version="1.0" encoding="UTF-8"?>
<!-- Generated by org.testng.reporters.JUnitReportReporter -->
<testsuite hostname="DESKTOP-9P43CVK" failures="0" tests="1" name="Project.Amdocs.Amdocs1" time="0.044" errors="0" timestamp="17 May 2021 03:40:47 GMT">
  <testcase classname="Project.Amdocs.Amdocs1" name="testCase1" time="0.044"/>
</testsuite> <!-- Project.Amdocs.Amdocs1 -->
